<?xml version="1.0" encoding="UTF-8"?>
<!-- Generated by org.testng.reporters.JUnitReportReporter -->
<testsuite skipped="0" hostname="tc-17-101p62-l" name="steam.tests.SteamTest" tests="1" failures="0" timestamp="17 May 2017 09:01:05 GMT" time="15.386" errors="0">
  <testcase name="shouldWork" time="15.386" classname="steam.tests.SteamTest"/>
</testsuite> <!-- steam.tests.SteamTest -->
