<?xml version="1.0" encoding="UTF-8"?>
<!-- Generated by org.testng.reporters.JUnitReportReporter -->
<testsuite skipped="0" hostname="tc-17-101p62-l" name="steam.tests.SteamTest" tests="1" failures="0" timestamp="15 May 2017 11:15:08 GMT" time="32.608" errors="0">
  <testcase name="shouldWork" time="32.608" classname="steam.tests.SteamTest"/>
</testsuite> <!-- steam.tests.SteamTest -->
