<?xml version="1.0" encoding="UTF-8"?>
<!-- Generated by org.testng.reporters.JUnitReportReporter -->
<testsuite skipped="0" hostname="tc-18-101p62-l" name="steam.tests.SteamTest" tests="1" failures="0" timestamp="16 May 2017 17:42:35 GMT" time="24.113" errors="0">
  <testcase name="shouldWork" time="24.113" classname="steam.tests.SteamTest"/>
</testsuite> <!-- steam.tests.SteamTest -->
